# JRE version: OpenJDK Runtime Environment Temurin-17.0.19+10 (17.0.19+10) (build 17.0.19+10)
# Java VM: OpenJDK 64-Bit Server VM Temurin-17.0.19+10 (17.0.19+10, mixed mode, sharing, tiered, compressed oops, compressed class ptrs, g1 gc, windows-amd64)
GC Precious Log:
 CPUs: 12 total, 12 available
 Memory: 16202M
 Large Page Support: Disabled
 NUMA Support: Disabled
 Compressed Oops: Enabled (32-bit)
 Heap Region Size: 1M
 Heap Min Capacity: 8M
 Heap Initial Capacity: 254M
 Heap Max Capacity: 1G
 Pre-touch: Disabled
 Parallel Workers: 10
 Concurrent Workers: 3
 Concurrent Refinement Workers: 10
 Periodic GC: Disabled
Heap:
 garbage-first heap   total 260096K, used 81832K [0x00000000c0000000, 0x0000000100000000)
  region size 1024K, 2 young (2048K), 2 survivors (2048K)
 Metaspace       used 104749K, committed 105344K, reserved 557056K
  class space    used 13385K, committed 13632K, reserved 425984K
GC Heap History (20 events):
Event: 24.142 GC heap after
{Heap after GC invocations=92 (full 0):
 garbage-first heap   total 215040K, used 76911K [0x00000000c0000000, 0x0000000100000000)
  region size 1024K, 2 young (2048K), 2 survivors (2048K)
 Metaspace       used 72086K, committed 72640K, reserved 491520K
  class space    used 9578K, committed 9856K, reserved 425984K
}
Event: 25.175 GC heap before
{Heap before GC invocations=92 (full 0):
 garbage-first heap   total 215040K, used 175215K [0x00000000c0000000, 0x0000000100000000)
  region size 1024K, 98 young (100352K), 2 survivors (2048K)
 Metaspace       used 78942K, committed 79488K, reserved 557056K
  class space    used 10320K, committed 10560K, reserved 425984K
}
Event: 25.182 GC heap after
{Heap after GC invocations=93 (full 0):
 garbage-first heap   total 215040K, used 84749K [0x00000000c0000000, 0x0000000100000000)
  region size 1024K, 10 young (10240K), 10 survivors (10240K)
 Metaspace       used 78942K, committed 79488K, reserved 557056K
  class space    used 10320K, committed 10560K, reserved 425984K
}
Event: 26.338 GC heap before
{Heap before GC invocations=93 (full 0):
 garbage-first heap   total 215040K, used 172813K [0x00000000c0000000, 0x0000000100000000)
  region size 1024K, 96 young (98304K), 10 survivors (10240K)
 Metaspace       used 90957K, committed 91520K, reserved 557056K
  class space    used 11570K, committed 11840K, reserved 425984K
}
Event: 26.345 GC heap after
{Heap after GC invocations=94 (full 0):
 garbage-first heap   total 215040K, used 88547K [0x00000000c0000000, 0x0000000100000000)
  region size 1024K, 4 young (4096K), 4 survivors (4096K)
 Metaspace       used 90957K, committed 91520K, reserved 557056K
  class space    used 11570K, committed 11840K, reserved 425984K
}
Event: 27.294 GC heap before
{Heap before GC invocations=94 (full 0):
 garbage-first heap   total 215040K, used 176611K [0x00000000c0000000, 0x0000000100000000)
  region size 1024K, 89 young (91136K), 4 survivors (4096K)
 Metaspace       used 96086K, committed 96640K, reserved 557056K
  class space    used 12193K, committed 12480K, reserved 425984K
}
Event: 27.301 GC heap after
{Heap after GC invocations=95 (full 0):
 garbage-first heap   total 215040K, used 94634K [0x00000000c0000000, 0x0000000100000000)
  region size 1024K, 10 young (10240K), 10 survivors (10240K)
 Metaspace       used 96086K, committed 96640K, reserved 557056K
  class space    used 12193K, committed 12480K, reserved 425984K
}
Event: 28.370 GC heap before
{Heap before GC invocations=95 (full 0):
 garbage-first heap   total 215040K, used 161194K [0x00000000c0000000, 0x0000000100000000)
  region size 1024K, 76 young (77824K), 10 survivors (10240K)
 Metaspace       used 101066K, committed 101568K, reserved 557056K
  class space    used 12907K, committed 13184K, reserved 425984K
}
Event: 28.375 GC heap after
{Heap after GC invocations=96 (full 0):
 garbage-first heap   total 215040K, used 90658K [0x00000000c0000000, 0x0000000100000000)
  region size 1024K, 3 young (3072K), 3 survivors (3072K)
 Metaspace       used 101066K, committed 101568K, reserved 557056K
  class space    used 12907K, committed 13184K, reserved 425984K
}
Event: 29.866 GC heap before
{Heap before GC invocations=97 (full 0):
 garbage-first heap   total 215040K, used 176674K [0x00000000c0000000, 0x0000000100000000)
  region size 1024K, 87 young (89088K), 3 survivors (3072K)
 Metaspace       used 104496K, committed 105024K, reserved 557056K
  class space    used 13363K, committed 13632K, reserved 425984K
}
Event: 29.873 GC heap after
{Heap after GC invocations=98 (full 0):
 garbage-first heap   total 215040K, used 97414K [0x00000000c0000000, 0x0000000100000000)
  region size 1024K, 7 young (7168K), 7 survivors (7168K)
 Metaspace       used 104496K, committed 105024K, reserved 557056K
  class space    used 13363K, committed 13632K, reserved 425984K
}
Event: 29.878 GC heap before
{Heap before GC invocations=98 (full 0):
 garbage-first heap   total 215040K, used 99462K [0x00000000c0000000, 0x0000000100000000)
  region size 1024K, 10 young (10240K), 7 survivors (7168K)
 Metaspace       used 104506K, committed 105088K, reserved 557056K
  class space    used 13364K, committed 13632K, reserved 425984K
}
Event: 29.884 GC heap after
{Heap after GC invocations=99 (full 0):
 garbage-first heap   total 215040K, used 87305K [0x00000000c0000000, 0x0000000100000000)
  region size 1024K, 2 young (2048K), 2 survivors (2048K)
 Metaspace       used 104506K, committed 105088K, reserved 557056K
  class space    used 13364K, committed 13632K, reserved 425984K
}
Event: 30.044 GC heap before
{Heap before GC invocations=99 (full 0):
 garbage-first heap   total 215040K, used 174345K [0x00000000c0000000, 0x0000000100000000)
  region size 1024K, 89 young (91136K), 2 survivors (2048K)
 Metaspace       used 104676K, committed 105216K, reserved 557056K
  class space    used 13384K, committed 13632K, reserved 425984K
}
Event: 30.048 GC heap after
{Heap after GC invocations=100 (full 0):
 garbage-first heap   total 215040K, used 88083K [0x00000000c0000000, 0x0000000100000000)
  region size 1024K, 2 young (2048K), 2 survivors (2048K)
 Metaspace       used 104676K, committed 105216K, reserved 557056K
  class space    used 13384K, committed 13632K, reserved 425984K
}
Event: 30.209 GC heap before
{Heap before GC invocations=101 (full 0):
 garbage-first heap   total 215040K, used 177171K [0x00000000c0000000, 0x0000000100000000)
  region size 1024K, 90 young (92160K), 2 survivors (2048K)
 Metaspace       used 104726K, committed 105216K, reserved 557056K
  class space    used 13385K, committed 13632K, reserved 425984K
}
Event: 30.212 GC heap after
{Heap after GC invocations=102 (full 0):
 garbage-first heap   total 215040K, used 88424K [0x00000000c0000000, 0x0000000100000000)
  region size 1024K, 3 young (3072K), 3 survivors (3072K)
 Metaspace       used 104726K, committed 105216K, reserved 557056K
  class space    used 13385K, committed 13632K, reserved 425984K
}
Event: 30.223 GC heap before
{Heap before GC invocations=102 (full 0):
 garbage-first heap   total 215040K, used 94568K [0x00000000c0000000, 0x0000000100000000)
  region size 1024K, 11 young (11264K), 3 survivors (3072K)
 Metaspace       used 104727K, committed 105216K, reserved 557056K
  class space    used 13385K, committed 13632K, reserved 425984K
}
Event: 30.229 GC heap after
{Heap after GC invocations=103 (full 0):
 garbage-first heap   total 215040K, used 78931K [0x00000000c0000000, 0x0000000100000000)
  region size 1024K, 1 young (1024K), 1 survivors (1024K)
 Metaspace       used 104727K, committed 105216K, reserved 557056K
  class space    used 13385K, committed 13632K, reserved 425984K
}
Event: 30.340 GC heap before
{Heap before GC invocations=103 (full 0):
 garbage-first heap   total 215040K, used 180307K [0x00000000c0000000, 0x0000000100000000)
  region size 1024K, 99 young (101376K), 1 survivors (1024K)
 Metaspace       used 104749K, committed 105344K, reserved 557056K
  class space    used 13385K, committed 13632K, reserved 425984K
}

