# JRE version: OpenJDK Runtime Environment Temurin-17.0.19+10 (17.0.19+10) (build 17.0.19+10)
# Java VM: OpenJDK 64-Bit Server VM Temurin-17.0.19+10 (17.0.19+10, mixed mode, sharing, tiered, compressed oops, compressed class ptrs, g1 gc, windows-amd64)
GC Precious Log:
 CPUs: 12 total, 12 available
 Memory: 16202M
 Large Page Support: Disabled
 NUMA Support: Disabled
 Compressed Oops: Enabled (32-bit)
 Heap Region Size: 1M
 Heap Min Capacity: 8M
 Heap Initial Capacity: 254M
 Heap Max Capacity: 2G
 Pre-touch: Disabled
 Parallel Workers: 10
 Concurrent Workers: 3
 Concurrent Refinement Workers: 10
 Periodic GC: Disabled
Heap:
 garbage-first heap   total 299008K, used 50627K [0x0000000080000000, 0x0000000100000000)
  region size 1024K, 13 young (13312K), 13 survivors (13312K)
 Metaspace       used 32367K, committed 32832K, reserved 1114112K
  class space    used 4499K, committed 4736K, reserved 1048576K
GC Heap History (20 events):
Event: 10.560 GC heap after
{Heap after GC invocations=37 (full 0):
 garbage-first heap   total 248832K, used 41858K [0x0000000080000000, 0x0000000100000000)
  region size 1024K, 8 young (8192K), 8 survivors (8192K)
 Metaspace       used 32294K, committed 32768K, reserved 1114112K
  class space    used 4491K, committed 4736K, reserved 1048576K
}
Event: 10.760 GC heap before
{Heap before GC invocations=37 (full 0):
 garbage-first heap   total 248832K, used 182146K [0x0000000080000000, 0x0000000100000000)
  region size 1024K, 145 young (148480K), 8 survivors (8192K)
 Metaspace       used 32304K, committed 32768K, reserved 1114112K
  class space    used 4491K, committed 4736K, reserved 1048576K
}
Event: 10.765 GC heap after
{Heap after GC invocations=38 (full 0):
 garbage-first heap   total 248832K, used 42371K [0x0000000080000000, 0x0000000100000000)
  region size 1024K, 8 young (8192K), 8 survivors (8192K)
 Metaspace       used 32304K, committed 32768K, reserved 1114112K
  class space    used 4491K, committed 4736K, reserved 1048576K
}
Event: 10.942 GC heap before
{Heap before GC invocations=38 (full 0):
 garbage-first heap   total 248832K, used 182659K [0x0000000080000000, 0x0000000100000000)
  region size 1024K, 145 young (148480K), 8 survivors (8192K)
 Metaspace       used 32308K, committed 32768K, reserved 1114112K
  class space    used 4491K, committed 4736K, reserved 1048576K
}
Event: 10.946 GC heap after
{Heap after GC invocations=39 (full 0):
 garbage-first heap   total 248832K, used 43093K [0x0000000080000000, 0x0000000100000000)
  region size 1024K, 9 young (9216K), 9 survivors (9216K)
 Metaspace       used 32308K, committed 32768K, reserved 1114112K
  class space    used 4491K, committed 4736K, reserved 1048576K
}
Event: 11.118 GC heap before
{Heap before GC invocations=39 (full 0):
 garbage-first heap   total 248832K, used 182357K [0x0000000080000000, 0x0000000100000000)
  region size 1024K, 145 young (148480K), 9 survivors (9216K)
 Metaspace       used 32310K, committed 32768K, reserved 1114112K
  class space    used 4491K, committed 4736K, reserved 1048576K
}
Event: 11.123 GC heap after
{Heap after GC invocations=40 (full 0):
 garbage-first heap   total 248832K, used 43752K [0x0000000080000000, 0x0000000100000000)
  region size 1024K, 9 young (9216K), 9 survivors (9216K)
 Metaspace       used 32310K, committed 32768K, reserved 1114112K
  class space    used 4491K, committed 4736K, reserved 1048576K
}
Event: 11.295 GC heap before
{Heap before GC invocations=40 (full 0):
 garbage-first heap   total 248832K, used 183016K [0x0000000080000000, 0x0000000100000000)
  region size 1024K, 145 young (148480K), 9 survivors (9216K)
 Metaspace       used 32310K, committed 32768K, reserved 1114112K
  class space    used 4491K, committed 4736K, reserved 1048576K
}
Event: 11.301 GC heap after
{Heap after GC invocations=41 (full 0):
 garbage-first heap   total 299008K, used 44498K [0x0000000080000000, 0x0000000100000000)
  region size 1024K, 10 young (10240K), 10 survivors (10240K)
 Metaspace       used 32310K, committed 32768K, reserved 1114112K
  class space    used 4491K, committed 4736K, reserved 1048576K
}
Event: 11.537 GC heap before
{Heap before GC invocations=41 (full 0):
 garbage-first heap   total 299008K, used 213458K [0x0000000080000000, 0x0000000100000000)
  region size 1024K, 175 young (179200K), 10 survivors (10240K)
 Metaspace       used 32314K, committed 32768K, reserved 1114112K
  class space    used 4491K, committed 4736K, reserved 1048576K
}
Event: 11.543 GC heap after
{Heap after GC invocations=42 (full 0):
 garbage-first heap   total 299008K, used 45923K [0x0000000080000000, 0x0000000100000000)
  region size 1024K, 11 young (11264K), 11 survivors (11264K)
 Metaspace       used 32314K, committed 32768K, reserved 1114112K
  class space    used 4491K, committed 4736K, reserved 1048576K
}
Event: 11.812 GC heap before
{Heap before GC invocations=42 (full 0):
 garbage-first heap   total 299008K, used 213859K [0x0000000080000000, 0x0000000100000000)
  region size 1024K, 175 young (179200K), 11 survivors (11264K)
 Metaspace       used 32354K, committed 32832K, reserved 1114112K
  class space    used 4499K, committed 4736K, reserved 1048576K
}
Event: 11.818 GC heap after
{Heap after GC invocations=43 (full 0):
 garbage-first heap   total 299008K, used 47097K [0x0000000080000000, 0x0000000100000000)
  region size 1024K, 12 young (12288K), 12 survivors (12288K)
 Metaspace       used 32354K, committed 32832K, reserved 1114112K
  class space    used 4499K, committed 4736K, reserved 1048576K
}
Event: 12.068 GC heap before
{Heap before GC invocations=43 (full 0):
 garbage-first heap   total 299008K, used 214009K [0x0000000080000000, 0x0000000100000000)
  region size 1024K, 175 young (179200K), 12 survivors (12288K)
 Metaspace       used 32358K, committed 32832K, reserved 1114112K
  class space    used 4499K, committed 4736K, reserved 1048576K
}
Event: 12.073 GC heap after
{Heap after GC invocations=44 (full 0):
 garbage-first heap   total 299008K, used 47769K [0x0000000080000000, 0x0000000100000000)
  region size 1024K, 12 young (12288K), 12 survivors (12288K)
 Metaspace       used 32358K, committed 32832K, reserved 1114112K
  class space    used 4499K, committed 4736K, reserved 1048576K
}
Event: 12.324 GC heap before
{Heap before GC invocations=44 (full 0):
 garbage-first heap   total 299008K, used 214681K [0x0000000080000000, 0x0000000100000000)
  region size 1024K, 175 young (179200K), 12 survivors (12288K)
 Metaspace       used 32362K, committed 32832K, reserved 1114112K
  class space    used 4499K, committed 4736K, reserved 1048576K
}
Event: 12.331 GC heap after
{Heap after GC invocations=45 (full 0):
 garbage-first heap   total 299008K, used 48925K [0x0000000080000000, 0x0000000100000000)
  region size 1024K, 12 young (12288K), 12 survivors (12288K)
 Metaspace       used 32362K, committed 32832K, reserved 1114112K
  class space    used 4499K, committed 4736K, reserved 1048576K
}
Event: 12.586 GC heap before
{Heap before GC invocations=45 (full 0):
 garbage-first heap   total 299008K, used 215837K [0x0000000080000000, 0x0000000100000000)
  region size 1024K, 175 young (179200K), 12 survivors (12288K)
 Metaspace       used 32364K, committed 32832K, reserved 1114112K
  class space    used 4499K, committed 4736K, reserved 1048576K
}
Event: 12.593 GC heap after
{Heap after GC invocations=46 (full 0):
 garbage-first heap   total 299008K, used 49552K [0x0000000080000000, 0x0000000100000000)
  region size 1024K, 12 young (12288K), 12 survivors (12288K)
 Metaspace       used 32364K, committed 32832K, reserved 1114112K
  class space    used 4499K, committed 4736K, reserved 1048576K
}
Event: 12.820 GC heap before
{Heap before GC invocations=46 (full 0):
 garbage-first heap   total 299008K, used 216464K [0x0000000080000000, 0x0000000100000000)
  region size 1024K, 175 young (179200K), 12 survivors (12288K)
 Metaspace       used 32367K, committed 32832K, reserved 1114112K
  class space    used 4499K, committed 4736K, reserved 1048576K
}

