# JRE version: OpenJDK Runtime Environment Temurin-17.0.19+10 (17.0.19+10) (build 17.0.19+10)
# Java VM: OpenJDK 64-Bit Server VM Temurin-17.0.19+10 (17.0.19+10, mixed mode, sharing, tiered, compressed oops, compressed class ptrs, serial gc, windows-amd64)
GC Precious Log:
 CPUs: 12 total, 12 available
 Memory: 16202M
 Large Page Support: Disabled
 NUMA Support: Disabled
 Compressed Oops: Enabled (32-bit)
 Heap Min Capacity: 64M
 Heap Initial Capacity: 64M
 Heap Max Capacity: 512M
 Pre-touch: Disabled
Heap:
 def new generation   total 39872K, used 10313K [0x00000000e0000000, 0x00000000e2b40000, 0x00000000eaaa0000)
  eden space 35456K,  25% used [0x00000000e0000000, 0x00000000e08e5d28, 0x00000000e22a0000)
  from space 4416K,  27% used [0x00000000e22a0000, 0x00000000e23cc7e0, 0x00000000e26f0000)
  to   space 4416K,   0% used [0x00000000e26f0000, 0x00000000e26f0000, 0x00000000e2b40000)
 tenured generation   total 87904K, used 59801K [0x00000000eaaa0000, 0x00000000f0078000, 0x0000000100000000)
   the space 87904K,  68% used [0x00000000eaaa0000, 0x00000000ee506420, 0x00000000ee506600, 0x00000000f0078000)
 Metaspace       used 55496K, committed 56128K, reserved 131072K
  class space    used 7714K, committed 8000K, reserved 65536K
GC Heap History (20 events):
Event: 5.837 GC heap before
{Heap before GC invocations=25 (full 2):
 def new generation   total 23296K, used 23296K [0x00000000e0000000, 0x00000000e1940000, 0x00000000eaaa0000)
  eden space 20736K, 100% used [0x00000000e0000000, 0x00000000e1440000, 0x00000000e1440000)
  from space 2560K, 100% used [0x00000000e16c0000, 0x00000000e1940000, 0x00000000e1940000)
  to   space 2560K,   0% used [0x00000000e1440000, 0x00000000e1440000, 0x00000000e16c0000)
 tenured generation   total 51432K, used 33668K [0x00000000eaaa0000, 0x00000000edcda000, 0x0000000100000000)
   the space 51432K,  65% used [0x00000000eaaa0000, 0x00000000ecb811b0, 0x00000000ecb81200, 0x00000000edcda000)
 Metaspace       used 47480K, committed 48000K, reserved 131072K
  class space    used 6735K, committed 6976K, reserved 65536K
}
Event: 5.854 GC heap after
{Heap after GC invocations=26 (full 2):
 def new generation   total 23296K, used 2433K [0x00000000e0000000, 0x00000000e1940000, 0x00000000eaaa0000)
  eden space 20736K,   0% used [0x00000000e0000000, 0x00000000e0000000, 0x00000000e1440000)
  from space 2560K,  95% used [0x00000000e1440000, 0x00000000e16a0440, 0x00000000e16c0000)
  to   space 2560K,   0% used [0x00000000e16c0000, 0x00000000e16c0000, 0x00000000e1940000)
 tenured generation   total 51432K, used 36196K [0x00000000eaaa0000, 0x00000000edcda000, 0x0000000100000000)
   the space 51432K,  70% used [0x00000000eaaa0000, 0x00000000ecdf9320, 0x00000000ecdf9400, 0x00000000edcda000)
 Metaspace       used 47480K, committed 48000K, reserved 131072K
  class space    used 6735K, committed 6976K, reserved 65536K
}
Event: 5.966 GC heap before
{Heap before GC invocations=26 (full 2):
 def new generation   total 23296K, used 23169K [0x00000000e0000000, 0x00000000e1940000, 0x00000000eaaa0000)
  eden space 20736K, 100% used [0x00000000e0000000, 0x00000000e1440000, 0x00000000e1440000)
  from space 2560K,  95% used [0x00000000e1440000, 0x00000000e16a0440, 0x00000000e16c0000)
  to   space 2560K,   0% used [0x00000000e16c0000, 0x00000000e16c0000, 0x00000000e1940000)
 tenured generation   total 51432K, used 36196K [0x00000000eaaa0000, 0x00000000edcda000, 0x0000000100000000)
   the space 51432K,  70% used [0x00000000eaaa0000, 0x00000000ecdf9320, 0x00000000ecdf9400, 0x00000000edcda000)
 Metaspace       used 47825K, committed 48384K, reserved 131072K
  class space    used 6762K, committed 7040K, reserved 65536K
}
Event: 5.976 GC heap after
{Heap after GC invocations=27 (full 2):
 def new generation   total 23296K, used 854K [0x00000000e0000000, 0x00000000e1940000, 0x00000000eaaa0000)
  eden space 20736K,   0% used [0x00000000e0000000, 0x00000000e0000000, 0x00000000e1440000)
  from space 2560K,  33% used [0x00000000e16c0000, 0x00000000e1795b70, 0x00000000e1940000)
  to   space 2560K,   0% used [0x00000000e1440000, 0x00000000e1440000, 0x00000000e16c0000)
 tenured generation   total 51432K, used 38556K [0x00000000eaaa0000, 0x00000000edcda000, 0x0000000100000000)
   the space 51432K,  74% used [0x00000000eaaa0000, 0x00000000ed047050, 0x00000000ed047200, 0x00000000edcda000)
 Metaspace       used 47825K, committed 48384K, reserved 131072K
  class space    used 6762K, committed 7040K, reserved 65536K
}
Event: 6.053 GC heap before
{Heap before GC invocations=27 (full 2):
 def new generation   total 23296K, used 21590K [0x00000000e0000000, 0x00000000e1940000, 0x00000000eaaa0000)
  eden space 20736K, 100% used [0x00000000e0000000, 0x00000000e1440000, 0x00000000e1440000)
  from space 2560K,  33% used [0x00000000e16c0000, 0x00000000e1795b70, 0x00000000e1940000)
  to   space 2560K,   0% used [0x00000000e1440000, 0x00000000e1440000, 0x00000000e16c0000)
 tenured generation   total 51432K, used 38556K [0x00000000eaaa0000, 0x00000000edcda000, 0x0000000100000000)
   the space 51432K,  74% used [0x00000000eaaa0000, 0x00000000ed047050, 0x00000000ed047200, 0x00000000edcda000)
 Metaspace       used 48014K, committed 48576K, reserved 131072K
  class space    used 6762K, committed 7040K, reserved 65536K
}
Event: 6.059 GC heap after
{Heap after GC invocations=28 (full 2):
 def new generation   total 23296K, used 1472K [0x00000000e0000000, 0x00000000e1940000, 0x00000000eaaa0000)
  eden space 20736K,   0% used [0x00000000e0000000, 0x00000000e0000000, 0x00000000e1440000)
  from space 2560K,  57% used [0x00000000e1440000, 0x00000000e15b0368, 0x00000000e16c0000)
  to   space 2560K,   0% used [0x00000000e16c0000, 0x00000000e16c0000, 0x00000000e1940000)
 tenured generation   total 51432K, used 38556K [0x00000000eaaa0000, 0x00000000edcda000, 0x0000000100000000)
   the space 51432K,  74% used [0x00000000eaaa0000, 0x00000000ed047050, 0x00000000ed047200, 0x00000000edcda000)
 Metaspace       used 48014K, committed 48576K, reserved 131072K
  class space    used 6762K, committed 7040K, reserved 65536K
}
Event: 6.126 GC heap before
{Heap before GC invocations=28 (full 2):
 def new generation   total 23296K, used 22208K [0x00000000e0000000, 0x00000000e1940000, 0x00000000eaaa0000)
  eden space 20736K,  99% used [0x00000000e0000000, 0x00000000e143fe80, 0x00000000e1440000)
  from space 2560K,  57% used [0x00000000e1440000, 0x00000000e15b0368, 0x00000000e16c0000)
  to   space 2560K,   0% used [0x00000000e16c0000, 0x00000000e16c0000, 0x00000000e1940000)
 tenured generation   total 51432K, used 38556K [0x00000000eaaa0000, 0x00000000edcda000, 0x0000000100000000)
   the space 51432K,  74% used [0x00000000eaaa0000, 0x00000000ed047050, 0x00000000ed047200, 0x00000000edcda000)
 Metaspace       used 48157K, committed 48704K, reserved 131072K
  class space    used 6762K, committed 7040K, reserved 65536K
}
Event: 6.133 GC heap after
{Heap after GC invocations=29 (full 2):
 def new generation   total 23296K, used 1303K [0x00000000e0000000, 0x00000000e1940000, 0x00000000eaaa0000)
  eden space 20736K,   0% used [0x00000000e0000000, 0x00000000e0000000, 0x00000000e1440000)
  from space 2560K,  50% used [0x00000000e16c0000, 0x00000000e1805c40, 0x00000000e1940000)
  to   space 2560K,   0% used [0x00000000e1440000, 0x00000000e1440000, 0x00000000e16c0000)
 tenured generation   total 51432K, used 39321K [0x00000000eaaa0000, 0x00000000edcda000, 0x0000000100000000)
   the space 51432K,  76% used [0x00000000eaaa0000, 0x00000000ed106408, 0x00000000ed106600, 0x00000000edcda000)
 Metaspace       used 48157K, committed 48704K, reserved 131072K
  class space    used 6762K, committed 7040K, reserved 65536K
}
Event: 6.191 GC heap before
{Heap before GC invocations=29 (full 2):
 def new generation   total 23296K, used 22039K [0x00000000e0000000, 0x00000000e1940000, 0x00000000eaaa0000)
  eden space 20736K, 100% used [0x00000000e0000000, 0x00000000e1440000, 0x00000000e1440000)
  from space 2560K,  50% used [0x00000000e16c0000, 0x00000000e1805c40, 0x00000000e1940000)
  to   space 2560K,   0% used [0x00000000e1440000, 0x00000000e1440000, 0x00000000e16c0000)
 tenured generation   total 51432K, used 39321K [0x00000000eaaa0000, 0x00000000edcda000, 0x0000000100000000)
   the space 51432K,  76% used [0x00000000eaaa0000, 0x00000000ed106408, 0x00000000ed106600, 0x00000000edcda000)
 Metaspace       used 48196K, committed 48768K, reserved 131072K
  class space    used 6762K, committed 7040K, reserved 65536K
}
Event: 6.198 GC heap after
{Heap after GC invocations=30 (full 2):
 def new generation   total 23296K, used 1244K [0x00000000e0000000, 0x00000000e1940000, 0x00000000eaaa0000)
  eden space 20736K,   0% used [0x00000000e0000000, 0x00000000e0000000, 0x00000000e1440000)
  from space 2560K,  48% used [0x00000000e1440000, 0x00000000e15772f8, 0x00000000e16c0000)
  to   space 2560K,   0% used [0x00000000e16c0000, 0x00000000e16c0000, 0x00000000e1940000)
 tenured generation   total 51432K, used 39914K [0x00000000eaaa0000, 0x00000000edcda000, 0x0000000100000000)
   the space 51432K,  77% used [0x00000000eaaa0000, 0x00000000ed19abd0, 0x00000000ed19ac00, 0x00000000edcda000)
 Metaspace       used 48196K, committed 48768K, reserved 131072K
  class space    used 6762K, committed 7040K, reserved 65536K
}
Event: 6.285 GC heap before
{Heap before GC invocations=30 (full 2):
 def new generation   total 23296K, used 21980K [0x00000000e0000000, 0x00000000e1940000, 0x00000000eaaa0000)
  eden space 20736K, 100% used [0x00000000e0000000, 0x00000000e1440000, 0x00000000e1440000)
  from space 2560K,  48% used [0x00000000e1440000, 0x00000000e15772f8, 0x00000000e16c0000)
  to   space 2560K,   0% used [0x00000000e16c0000, 0x00000000e16c0000, 0x00000000e1940000)
 tenured generation   total 51432K, used 39914K [0x00000000eaaa0000, 0x00000000edcda000, 0x0000000100000000)
   the space 51432K,  77% used [0x00000000eaaa0000, 0x00000000ed19abd0, 0x00000000ed19ac00, 0x00000000edcda000)
 Metaspace       used 48331K, committed 48896K, reserved 131072K
  class space    used 6781K, committed 7040K, reserved 65536K
}
Event: 6.291 GC heap after
{Heap after GC invocations=31 (full 2):
 def new generation   total 23296K, used 2103K [0x00000000e0000000, 0x00000000e1940000, 0x00000000eaaa0000)
  eden space 20736K,   0% used [0x00000000e0000000, 0x00000000e0000000, 0x00000000e1440000)
  from space 2560K,  82% used [0x00000000e16c0000, 0x00000000e18cded8, 0x00000000e1940000)
  to   space 2560K,   0% used [0x00000000e1440000, 0x00000000e1440000, 0x00000000e16c0000)
 tenured generation   total 51432K, used 39914K [0x00000000eaaa0000, 0x00000000edcda000, 0x0000000100000000)
   the space 51432K,  77% used [0x00000000eaaa0000, 0x00000000ed19abd0, 0x00000000ed19ac00, 0x00000000edcda000)
 Metaspace       used 48331K, committed 48896K, reserved 131072K
  class space    used 6781K, committed 7040K, reserved 65536K
}
Event: 6.412 GC heap before
{Heap before GC invocations=31 (full 2):
 def new generation   total 23296K, used 22833K [0x00000000e0000000, 0x00000000e1940000, 0x00000000eaaa0000)
  eden space 20736K,  99% used [0x00000000e0000000, 0x00000000e143e588, 0x00000000e1440000)
  from space 2560K,  82% used [0x00000000e16c0000, 0x00000000e18cded8, 0x00000000e1940000)
  to   space 2560K,   0% used [0x00000000e1440000, 0x00000000e1440000, 0x00000000e16c0000)
 tenured generation   total 51432K, used 39914K [0x00000000eaaa0000, 0x00000000edcda000, 0x0000000100000000)
   the space 51432K,  77% used [0x00000000eaaa0000, 0x00000000ed19abd0, 0x00000000ed19ac00, 0x00000000edcda000)
 Metaspace       used 48741K, committed 49280K, reserved 131072K
  class space    used 6855K, committed 7104K, reserved 65536K
}
Event: 6.425 GC heap after
{Heap after GC invocations=32 (full 2):
 def new generation   total 23296K, used 2560K [0x00000000e0000000, 0x00000000e1940000, 0x00000000eaaa0000)
  eden space 20736K,   0% used [0x00000000e0000000, 0x00000000e0000000, 0x00000000e1440000)
  from space 2560K, 100% used [0x00000000e1440000, 0x00000000e16c0000, 0x00000000e16c0000)
  to   space 2560K,   0% used [0x00000000e16c0000, 0x00000000e16c0000, 0x00000000e1940000)
 tenured generation   total 52776K, used 52646K [0x00000000eaaa0000, 0x00000000ede2a000, 0x0000000100000000)
   the space 52776K,  99% used [0x00000000eaaa0000, 0x00000000ede09a78, 0x00000000ede09c00, 0x00000000ede2a000)
 Metaspace       used 48741K, committed 49280K, reserved 131072K
  class space    used 6855K, committed 7104K, reserved 65536K
}
Event: 6.425 GC heap before
{Heap before GC invocations=32 (full 2):
 def new generation   total 23296K, used 2560K [0x00000000e0000000, 0x00000000e1940000, 0x00000000eaaa0000)
  eden space 20736K,   0% used [0x00000000e0000000, 0x00000000e0000000, 0x00000000e1440000)
  from space 2560K, 100% used [0x00000000e1440000, 0x00000000e16c0000, 0x00000000e16c0000)
  to   space 2560K,   0% used [0x00000000e16c0000, 0x00000000e16c0000, 0x00000000e1940000)
 tenured generation   total 52776K, used 52646K [0x00000000eaaa0000, 0x00000000ede2a000, 0x0000000100000000)
   the space 52776K,  99% used [0x00000000eaaa0000, 0x00000000ede09a78, 0x00000000ede09c00, 0x00000000ede2a000)
 Metaspace       used 48741K, committed 49280K, reserved 131072K
  class space    used 6855K, committed 7104K, reserved 65536K
}
Event: 6.507 GC heap after
{Heap after GC invocations=32 (full 3):
 def new generation   total 39872K, used 2390K [0x00000000e0000000, 0x00000000e2b40000, 0x00000000eaaa0000)
  eden space 35456K,   6% used [0x00000000e0000000, 0x00000000e0255898, 0x00000000e22a0000)
  from space 4416K,   0% used [0x00000000e22a0000, 0x00000000e22a0000, 0x00000000e26f0000)
  to   space 4416K,   0% used [0x00000000e26f0000, 0x00000000e26f0000, 0x00000000e2b40000)
 tenured generation   total 87904K, used 52740K [0x00000000eaaa0000, 0x00000000f0078000, 0x0000000100000000)
   the space 87904K,  59% used [0x00000000eaaa0000, 0x00000000ede212e0, 0x00000000ede21400, 0x00000000f0078000)
 Metaspace       used 48741K, committed 49280K, reserved 131072K
  class space    used 6855K, committed 7104K, reserved 65536K
}
Event: 6.724 GC heap before
{Heap before GC invocations=32 (full 3):
 def new generation   total 39872K, used 35456K [0x00000000e0000000, 0x00000000e2b40000, 0x00000000eaaa0000)
  eden space 35456K, 100% used [0x00000000e0000000, 0x00000000e22a0000, 0x00000000e22a0000)
  from space 4416K,   0% used [0x00000000e22a0000, 0x00000000e22a0000, 0x00000000e26f0000)
  to   space 4416K,   0% used [0x00000000e26f0000, 0x00000000e26f0000, 0x00000000e2b40000)
 tenured generation   total 87904K, used 52740K [0x00000000eaaa0000, 0x00000000f0078000, 0x0000000100000000)
   the space 87904K,  59% used [0x00000000eaaa0000, 0x00000000ede212e0, 0x00000000ede21400, 0x00000000f0078000)
 Metaspace       used 51002K, committed 51584K, reserved 131072K
  class space    used 7137K, committed 7424K, reserved 65536K
}
Event: 6.747 GC heap after
{Heap after GC invocations=33 (full 3):
 def new generation   total 39872K, used 4416K [0x00000000e0000000, 0x00000000e2b40000, 0x00000000eaaa0000)
  eden space 35456K,   0% used [0x00000000e0000000, 0x00000000e0000000, 0x00000000e22a0000)
  from space 4416K, 100% used [0x00000000e26f0000, 0x00000000e2b40000, 0x00000000e2b40000)
  to   space 4416K,   0% used [0x00000000e22a0000, 0x00000000e22a0000, 0x00000000e26f0000)
 tenured generation   total 87904K, used 55426K [0x00000000eaaa0000, 0x00000000f0078000, 0x0000000100000000)
   the space 87904K,  63% used [0x00000000eaaa0000, 0x00000000ee0c08b0, 0x00000000ee0c0a00, 0x00000000f0078000)
 Metaspace       used 51002K, committed 51584K, reserved 131072K
  class space    used 7137K, committed 7424K, reserved 65536K
}
Event: 7.107 GC heap before
{Heap before GC invocations=33 (full 3):
 def new generation   total 39872K, used 39872K [0x00000000e0000000, 0x00000000e2b40000, 0x00000000eaaa0000)
  eden space 35456K, 100% used [0x00000000e0000000, 0x00000000e22a0000, 0x00000000e22a0000)
  from space 4416K, 100% used [0x00000000e26f0000, 0x00000000e2b40000, 0x00000000e2b40000)
  to   space 4416K,   0% used [0x00000000e22a0000, 0x00000000e22a0000, 0x00000000e26f0000)
 tenured generation   total 87904K, used 55426K [0x00000000eaaa0000, 0x00000000f0078000, 0x0000000100000000)
   the space 87904K,  63% used [0x00000000eaaa0000, 0x00000000ee0c08b0, 0x00000000ee0c0a00, 0x00000000f0078000)
 Metaspace       used 54543K, committed 55104K, reserved 131072K
  class space    used 7563K, committed 7808K, reserved 65536K
}
Event: 7.119 GC heap after
{Heap after GC invocations=34 (full 3):
 def new generation   total 39872K, used 1201K [0x00000000e0000000, 0x00000000e2b40000, 0x00000000eaaa0000)
  eden space 35456K,   0% used [0x00000000e0000000, 0x00000000e0000000, 0x00000000e22a0000)
  from space 4416K,  27% used [0x00000000e22a0000, 0x00000000e23cc7e0, 0x00000000e26f0000)
  to   space 4416K,   0% used [0x00000000e26f0000, 0x00000000e26f0000, 0x00000000e2b40000)
 tenured generation   total 87904K, used 59801K [0x00000000eaaa0000, 0x00000000f0078000, 0x0000000100000000)
   the space 87904K,  68% used [0x00000000eaaa0000, 0x00000000ee506420, 0x00000000ee506600, 0x00000000f0078000)
 Metaspace       used 54543K, committed 55104K, reserved 131072K
  class space    used 7563K, committed 7808K, reserved 65536K
}

